-------------------------------------------------------------------------------
Test set: com.bootcamp.second.account.AccountApplicationTests
-------------------------------------------------------------------------------
Tests run: 1, Failures: 0, Errors: 1, Skipped: 0, Time elapsed: 22.694 s <<< FAILURE! - in com.bootcamp.second.account.AccountApplicationTests
contextLoads  Time elapsed: 0.003 s  <<< ERROR!
java.lang.IllegalStateException: Failed to load ApplicationContext
Caused by: org.springframework.beans.factory.UnsatisfiedDependencyException: Error creating bean with name 'accountServiceImpl': Unsatisfied dependency expressed through field 'accountRepository'; nested exception is org.springframework.beans.factory.BeanCreationException: Error creating bean with name 'accountRepository' defined in com.bootcamp.second.account.repository.AccountRepository defined in @EnableReactiveMongoRepositories declared on MongoReactiveRepositoriesRegistrar.EnableReactiveMongoRepositoriesConfiguration: Cannot resolve reference to bean 'reactiveMongoTemplate' while setting bean property 'reactiveMongoOperations'; nested exception is org.springframework.beans.factory.UnsatisfiedDependencyException: Error creating bean with name 'reactiveMongoTemplate' defined in class path resource [org/springframework/boot/autoconfigure/data/mongo/MongoReactiveDataAutoConfiguration.class]: Unsatisfied dependency expressed through method 'reactiveMongoTemplate' parameter 0; nested exception is org.springframework.beans.factory.UnsatisfiedDependencyException: Error creating bean with name 'reactiveMongoDatabaseFactory' defined in class path resource [org/springframework/boot/autoconfigure/data/mongo/MongoReactiveDataAutoConfiguration.class]: Unsatisfied dependency expressed through method 'reactiveMongoDatabaseFactory' parameter 1; nested exception is org.springframework.beans.factory.BeanCreationException: Error creating bean with name 'reactiveStreamsMongoClient' defined in class path resource [org/springframework/boot/autoconfigure/mongo/MongoReactiveAutoConfiguration.class]: Bean instantiation via factory method failed; nested exception is org.springframework.beans.BeanInstantiationException: Failed to instantiate [com.mongodb.reactivestreams.client.MongoClient]: Factory method 'reactiveStreamsMongoClient' threw exception; nested exception is java.lang.IllegalStateException: Invalid mongo configuration, either uri or host/port/credentials/replicaSet must be specified
Caused by: org.springframework.beans.factory.BeanCreationException: Error creating bean with name 'accountRepository' defined in com.bootcamp.second.account.repository.AccountRepository defined in @EnableReactiveMongoRepositories declared on MongoReactiveRepositoriesRegistrar.EnableReactiveMongoRepositoriesConfiguration: Cannot resolve reference to bean 'reactiveMongoTemplate' while setting bean property 'reactiveMongoOperations'; nested exception is org.springframework.beans.factory.UnsatisfiedDependencyException: Error creating bean with name 'reactiveMongoTemplate' defined in class path resource [org/springframework/boot/autoconfigure/data/mongo/MongoReactiveDataAutoConfiguration.class]: Unsatisfied dependency expressed through method 'reactiveMongoTemplate' parameter 0; nested exception is org.springframework.beans.factory.UnsatisfiedDependencyException: Error creating bean with name 'reactiveMongoDatabaseFactory' defined in class path resource [org/springframework/boot/autoconfigure/data/mongo/MongoReactiveDataAutoConfiguration.class]: Unsatisfied dependency expressed through method 'reactiveMongoDatabaseFactory' parameter 1; nested exception is org.springframework.beans.factory.BeanCreationException: Error creating bean with name 'reactiveStreamsMongoClient' defined in class path resource [org/springframework/boot/autoconfigure/mongo/MongoReactiveAutoConfiguration.class]: Bean instantiation via factory method failed; nested exception is org.springframework.beans.BeanInstantiationException: Failed to instantiate [com.mongodb.reactivestreams.client.MongoClient]: Factory method 'reactiveStreamsMongoClient' threw exception; nested exception is java.lang.IllegalStateException: Invalid mongo configuration, either uri or host/port/credentials/replicaSet must be specified
Caused by: org.springframework.beans.factory.UnsatisfiedDependencyException: Error creating bean with name 'reactiveMongoTemplate' defined in class path resource [org/springframework/boot/autoconfigure/data/mongo/MongoReactiveDataAutoConfiguration.class]: Unsatisfied dependency expressed through method 'reactiveMongoTemplate' parameter 0; nested exception is org.springframework.beans.factory.UnsatisfiedDependencyException: Error creating bean with name 'reactiveMongoDatabaseFactory' defined in class path resource [org/springframework/boot/autoconfigure/data/mongo/MongoReactiveDataAutoConfiguration.class]: Unsatisfied dependency expressed through method 'reactiveMongoDatabaseFactory' parameter 1; nested exception is org.springframework.beans.factory.BeanCreationException: Error creating bean with name 'reactiveStreamsMongoClient' defined in class path resource [org/springframework/boot/autoconfigure/mongo/MongoReactiveAutoConfiguration.class]: Bean instantiation via factory method failed; nested exception is org.springframework.beans.BeanInstantiationException: Failed to instantiate [com.mongodb.reactivestreams.client.MongoClient]: Factory method 'reactiveStreamsMongoClient' threw exception; nested exception is java.lang.IllegalStateException: Invalid mongo configuration, either uri or host/port/credentials/replicaSet must be specified
Caused by: org.springframework.beans.factory.UnsatisfiedDependencyException: Error creating bean with name 'reactiveMongoDatabaseFactory' defined in class path resource [org/springframework/boot/autoconfigure/data/mongo/MongoReactiveDataAutoConfiguration.class]: Unsatisfied dependency expressed through method 'reactiveMongoDatabaseFactory' parameter 1; nested exception is org.springframework.beans.factory.BeanCreationException: Error creating bean with name 'reactiveStreamsMongoClient' defined in class path resource [org/springframework/boot/autoconfigure/mongo/MongoReactiveAutoConfiguration.class]: Bean instantiation via factory method failed; nested exception is org.springframework.beans.BeanInstantiationException: Failed to instantiate [com.mongodb.reactivestreams.client.MongoClient]: Factory method 'reactiveStreamsMongoClient' threw exception; nested exception is java.lang.IllegalStateException: Invalid mongo configuration, either uri or host/port/credentials/replicaSet must be specified
Caused by: org.springframework.beans.factory.BeanCreationException: Error creating bean with name 'reactiveStreamsMongoClient' defined in class path resource [org/springframework/boot/autoconfigure/mongo/MongoReactiveAutoConfiguration.class]: Bean instantiation via factory method failed; nested exception is org.springframework.beans.BeanInstantiationException: Failed to instantiate [com.mongodb.reactivestreams.client.MongoClient]: Factory method 'reactiveStreamsMongoClient' threw exception; nested exception is java.lang.IllegalStateException: Invalid mongo configuration, either uri or host/port/credentials/replicaSet must be specified
Caused by: org.springframework.beans.BeanInstantiationException: Failed to instantiate [com.mongodb.reactivestreams.client.MongoClient]: Factory method 'reactiveStreamsMongoClient' threw exception; nested exception is java.lang.IllegalStateException: Invalid mongo configuration, either uri or host/port/credentials/replicaSet must be specified
Caused by: java.lang.IllegalStateException: Invalid mongo configuration, either uri or host/port/credentials/replicaSet must be specified

